Wed Oct 25 2017 15:55:07 GMT-0400 (EDT): GET  + /
Wed Oct 25 2017 15:55:25 GMT-0400 (EDT): GET  + /about
Wed Oct 25 2017 16:02:32 GMT-0400 (EDT): GET  + /about
Wed Oct 25 2017 16:05:56 GMT-0400 (EDT): GET  + /about
Wed Oct 25 2017 16:05:58 GMT-0400 (EDT): GET  + /about
Wed Oct 25 2017 16:05:58 GMT-0400 (EDT): GET  + /
Wed Oct 25 2017 16:05:59 GMT-0400 (EDT): GET  + /about
Wed Oct 25 2017 16:06:00 GMT-0400 (EDT): GET  + /
Wed Oct 25 2017 16:06:50 GMT-0400 (EDT): GET  + /
Wed Oct 25 2017 16:07:07 GMT-0400 (EDT): GET  + /
Wed Oct 25 2017 16:07:10 GMT-0400 (EDT): GET  + /about
Wed Oct 25 2017 16:07:12 GMT-0400 (EDT): GET  + /
Wed Oct 25 2017 16:07:13 GMT-0400 (EDT): GET  + /about
Wed Oct 25 2017 16:09:44 GMT-0400 (EDT): GET  + /about
Wed Oct 25 2017 16:09:49 GMT-0400 (EDT): GET  + /about/help
Wed Oct 25 2017 16:09:53 GMT-0400 (EDT): GET  + /about/help.html
Wed Oct 25 2017 16:09:56 GMT-0400 (EDT): GET  + /
Wed Oct 25 2017 16:10:19 GMT-0400 (EDT): GET  + /
Wed Oct 25 2017 16:10:35 GMT-0400 (EDT): GET  + /about
Wed Oct 25 2017 16:10:36 GMT-0400 (EDT): GET  + /
Wed Oct 25 2017 16:10:38 GMT-0400 (EDT): GET  + /about
Wed Oct 25 2017 16:10:39 GMT-0400 (EDT): GET  + /
Wed Oct 25 2017 17:11:18 GMT-0400 (EDT): GET  + /
Wed Oct 25 2017 17:11:18 GMT-0400 (EDT): GET  + /favicon.ico
Wed Oct 25 2017 17:11:19 GMT-0400 (EDT): GET  + /about
Wed Oct 25 2017 17:11:20 GMT-0400 (EDT): GET  + /
Thu Oct 26 2017 11:45:22 GMT-0400 (EDT): GET  + /
Thu Oct 26 2017 11:45:23 GMT-0400 (EDT): GET  + /favicon.ico
Thu Oct 26 2017 11:45:24 GMT-0400 (EDT): GET  + /about
Thu Oct 26 2017 11:45:27 GMT-0400 (EDT): GET  + /
Thu Oct 26 2017 11:45:33 GMT-0400 (EDT): GET  + /projects
Thu Oct 26 2017 11:46:05 GMT-0400 (EDT): GET  + /projects
Thu Oct 26 2017 11:46:06 GMT-0400 (EDT): GET  + /favicon.ico
Thu Oct 26 2017 11:46:07 GMT-0400 (EDT): GET  + /projects
Thu Oct 26 2017 11:46:13 GMT-0400 (EDT): GET  + /
Thu Oct 26 2017 11:46:15 GMT-0400 (EDT): GET  + /projects
Thu Oct 26 2017 11:47:00 GMT-0400 (EDT): GET  + /projects
Thu Oct 26 2017 11:47:01 GMT-0400 (EDT): GET  + /about
Thu Oct 26 2017 11:47:02 GMT-0400 (EDT): GET  + /projects
Thu Oct 26 2017 11:47:04 GMT-0400 (EDT): GET  + /
Thu Oct 26 2017 11:47:06 GMT-0400 (EDT): GET  + /about
Thu Oct 26 2017 11:47:07 GMT-0400 (EDT): GET  + /projects
Thu Oct 26 2017 11:49:13 GMT-0400 (EDT): GET  + /projects
Thu Oct 26 2017 11:49:42 GMT-0400 (EDT): GET  + /projects
Thu Oct 26 2017 11:50:23 GMT-0400 (EDT): GET  + /projects
Thu Oct 26 2017 11:50:25 GMT-0400 (EDT): GET  + /projects
Thu Oct 26 2017 11:50:26 GMT-0400 (EDT): GET  + /about
Thu Oct 26 2017 11:50:27 GMT-0400 (EDT): GET  + /
Thu Oct 26 2017 11:50:28 GMT-0400 (EDT): GET  + /about
Thu Oct 26 2017 11:50:29 GMT-0400 (EDT): GET  + /projects
Thu Oct 26 2017 11:50:30 GMT-0400 (EDT): GET  + /about
Thu Oct 26 2017 11:50:31 GMT-0400 (EDT): GET  + /
Thu Oct 26 2017 11:50:32 GMT-0400 (EDT): GET  + /about
Thu Oct 26 2017 11:50:33 GMT-0400 (EDT): GET  + /projects
Thu Oct 26 2017 11:50:34 GMT-0400 (EDT): GET  + /
Thu Oct 26 2017 11:51:00 GMT-0400 (EDT): GET  + /
Thu Oct 26 2017 11:51:08 GMT-0400 (EDT): GET  + /
Thu Oct 26 2017 11:51:11 GMT-0400 (EDT): GET  + /projects
Thu Oct 26 2017 11:51:13 GMT-0400 (EDT): GET  + /about
Thu Oct 26 2017 11:51:14 GMT-0400 (EDT): GET  + /
